<?xml version="1.0" encoding="UTF-8"?>
<!-- Generated by org.testng.reporters.JUnitXMLReporter -->
<testsuite hostname="LAPTOP-BNCLIHRL" ignored="0" name="reviewTest" tests="1" failures="1" timestamp="16 Jan 2020 07:05:54 GMT" time="0.02" errors="0">
  <testcase name="writeReview" time="0.005" classname="com.techjini.testcases.reviewOnTripAdvisor">
    <failure type="org.openqa.selenium.NoSuchSessionException" message="Session ID is null. Using WebDriver after calling quit()?
Build info: version: &amp;apos;3.141.59&amp;apos;, revision: &amp;apos;e82be7d358&amp;apos;, time: &amp;apos;2018-11-14T08:17:03&amp;apos;
System info: host: &amp;apos;LAPTOP-BNCLIHRL&amp;apos;, ip: &amp;apos;192.168.0.189&amp;apos;, os.name: &amp;apos;Windows 10&amp;apos;, os.arch: &amp;apos;x86&amp;apos;, os.version: &amp;apos;10.0&amp;apos;, java.version: &amp;apos;1.8.0_231&amp;apos;
Driver info: driver.version: RemoteWebDriver">
      <![CDATA[org.openqa.selenium.NoSuchSessionException: Session ID is null. Using WebDriver after calling quit()?
Build info: version: '3.141.59', revision: 'e82be7d358', time: '2018-11-14T08:17:03'
System info: host: 'LAPTOP-BNCLIHRL', ip: '192.168.0.189', os.name: 'Windows 10', os.arch: 'x86', os.version: '10.0', java.version: '1.8.0_231'
Driver info: driver.version: RemoteWebDriver
	at org.openqa.selenium.remote.HttpCommandExecutor.execute(HttpCommandExecutor.java:125)
	at org.openqa.selenium.remote.service.DriverCommandExecutor.execute(DriverCommandExecutor.java:83)
	at org.openqa.selenium.remote.RemoteWebDriver.execute(RemoteWebDriver.java:552)
	at org.openqa.selenium.remote.RemoteWebDriver.get(RemoteWebDriver.java:277)
	at com.techjini.pages.tripAdvisorHomePage.tripHome(tripAdvisorHomePage.java:18)
	at com.techjini.testcases.reviewOnTripAdvisor.writeReview(reviewOnTripAdvisor.java:15)
... Removed 28 stack frames]]>
    </failure>
  </testcase> <!-- writeReview -->
</testsuite> <!-- reviewTest -->
