<?xml version="1.0" encoding="UTF-8"?>
<testsuite name="TestSuite" time="22.849" tests="2" errors="0" skipped="0" failures="1">
  <properties>
[...]
</properties>
  <testcase name="compareTest" classname="com.techjini.testcases.comparePrice" time="22.83"/>
  <testcase name="writeReview" classname="com.techjini.testcases.reviewOnTripAdvisor" time="0.019">
    <failure message="Session ID is null. Using WebDriver after calling quit()?&#10;Build info: version: &apos;3.141.59&apos;, revision: &apos;e82be7d358&apos;, time: &apos;2018-11-14T08:17:03&apos;&#10;System info: host: &apos;LAPTOP-BNCLIHRL&apos;, ip: &apos;192.168.0.189&apos;, os.name: &apos;Windows 10&apos;, os.arch: &apos;x86&apos;, os.version: &apos;10.0&apos;, java.version: &apos;1.8.0_231&apos;&#10;Driver info: driver.version: RemoteWebDriver" type="org.openqa.selenium.NoSuchSessionException">org.openqa.selenium.NoSuchSessionException: Session ID is null. Using WebDriver after calling quit()?
Build info: version: '3.141.59', revision: 'e82be7d358', time: '2018-11-14T08:17:03'
System info: host: 'LAPTOP-BNCLIHRL', ip: '192.168.0.189', os.name: 'Windows 10', os.arch: 'x86', os.version: '10.0', java.version: '1.8.0_231'
Driver info: driver.version: RemoteWebDriver
	at org.openqa.selenium.remote.HttpCommandExecutor.execute(HttpCommandExecutor.java:125)
	at org.openqa.selenium.remote.service.DriverCommandExecutor.execute(DriverCommandExecutor.java:83)
	at org.openqa.selenium.remote.RemoteWebDriver.execute(RemoteWebDriver.java:552)
	at org.openqa.selenium.remote.RemoteWebDriver.get(RemoteWebDriver.java:277)
	at com.techjini.pages.tripAdvisorHomePage.tripHome(tripAdvisorHomePage.java:18)
	at com.techjini.testcases.reviewOnTripAdvisor.writeReview(reviewOnTripAdvisor.java:15)
</failure>
  </testcase>
</testsuite>