<?xml version="1.0" encoding="UTF-8"?>
<testng-results skipped="0" failed="0" ignored="0" total="2" passed="2">
  <reporter-output>
  </reporter-output>
  <suite name="Page Object Model" duration-ms="41703" started-at="2020-01-12T18:42:42Z" finished-at="2020-01-12T18:43:23Z">
    <groups>
    </groups>
    <test name="compareTest" duration-ms="22761" started-at="2020-01-12T18:42:42Z" finished-at="2020-01-12T18:43:05Z">
      <class name="com.techjini.testcases.comparePrice">
        <test-method status="PASS" signature="compareTest()[pri:0, instance:com.techjini.testcases.comparePrice@153acfe]" name="compareTest" duration-ms="22738" started-at="2020-01-13T00:12:42Z" finished-at="2020-01-13T00:13:05Z">
          <reporter-output>
          </reporter-output>
        </test-method> <!-- compareTest -->
      </class> <!-- com.techjini.testcases.comparePrice -->
    </test> <!-- compareTest -->
    <test name="reviewTest" duration-ms="18911" started-at="2020-01-12T18:43:05Z" finished-at="2020-01-12T18:43:23Z">
      <class name="com.techjini.testcases.reviewOnTripAdvisor">
        <test-method status="PASS" signature="writeReview()[pri:0, instance:com.techjini.testcases.reviewOnTripAdvisor@1fa1d9b]" name="writeReview" duration-ms="18908" started-at="2020-01-13T00:13:05Z" finished-at="2020-01-13T00:13:23Z">
          <reporter-output>
          </reporter-output>
        </test-method> <!-- writeReview -->
      </class> <!-- com.techjini.testcases.reviewOnTripAdvisor -->
    </test> <!-- reviewTest -->
  </suite> <!-- Page Object Model -->
</testng-results>
